<?xml version="1.0" encoding="UTF-8"?>
<!-- Generated by org.testng.reporters.JUnitReportReporter -->
<testsuite hostname="LAPTOP-6CECKGSM" failures="0" tests="1" name="Basic.OrganizationsTest" time="3.443" errors="0" timestamp="2024-03-15T14:11:44 IST" skipped="0">
  <testcase classname="Basic.OrganizationsTest" name="CreateOrganizationsTest" time="3.443"/>
  <system-out/>
</testsuite> <!-- Basic.OrganizationsTest -->
